{"level":"error","message":"Something failed Something failed","stack":"Error: Something failed\n    at Object.<anonymous> (C:\\Users\\Lakshitha Balaji\\Downloads\\Vidly Project\\vidly\\index.js:30:7)\n    at Module._compile (node:internal/modules/cjs/loader:1469:14)\n    at Module._extensions..js (node:internal/modules/cjs/loader:1548:10)\n    at Module.load (node:internal/modules/cjs/loader:1288:32)\n    at Module._load (node:internal/modules/cjs/loader:1104:12)\n    at Function.executeUserEntryPoint [as runMain] (node:internal/modules/run_main:174:12)\n    at node:internal/main/run_main_module:28:49"}
{"level":"error","message":"Uncaught Exception: Something failed\nError: Something failed\n    at Object.<anonymous> (C:\\Users\\Lakshitha Balaji\\Downloads\\Vidly Project\\vidly\\index.js:31:7)\n    at Module._compile (node:internal/modules/cjs/loader:1469:14)\n    at Module._extensions..js (node:internal/modules/cjs/loader:1548:10)\n    at Module.load (node:internal/modules/cjs/loader:1288:32)\n    at Module._load (node:internal/modules/cjs/loader:1104:12)\n    at Function.executeUserEntryPoint [as runMain] (node:internal/modules/run_main:174:12)\n    at node:internal/main/run_main_module:28:49"}
{"level":"error","message":"Uncaught Exception: Something failed\nError: Something failed\n    at Object.<anonymous> (C:\\Users\\Lakshitha Balaji\\Downloads\\Vidly Project\\vidly\\index.js:32:7)\n    at Module._compile (node:internal/modules/cjs/loader:1469:14)\n    at Module._extensions..js (node:internal/modules/cjs/loader:1548:10)\n    at Module.load (node:internal/modules/cjs/loader:1288:32)\n    at Module._load (node:internal/modules/cjs/loader:1104:12)\n    at Function.executeUserEntryPoint [as runMain] (node:internal/modules/run_main:174:12)\n    at node:internal/main/run_main_module:28:49"}
{"level":"error","message":"Uncaught Exception: Something failed miserably!\nError: Something failed miserably!\n    at Object.<anonymous> (C:\\Users\\Lakshitha Balaji\\Downloads\\Vidly Project\\vidly\\index.js:30:24)\n    at Module._compile (node:internal/modules/cjs/loader:1469:14)\n    at Module._extensions..js (node:internal/modules/cjs/loader:1548:10)\n    at Module.load (node:internal/modules/cjs/loader:1288:32)\n    at Module._load (node:internal/modules/cjs/loader:1104:12)\n    at Function.executeUserEntryPoint [as runMain] (node:internal/modules/run_main:174:12)\n    at node:internal/main/run_main_module:28:49"}
{"level":"error","message":"Uncaught Exception: Something failed\nError: Something failed\n    at Object.<anonymous> (C:\\Users\\Lakshitha Balaji\\Downloads\\Vidly Project\\vidly\\index.js:32:7)\n    at Module._compile (node:internal/modules/cjs/loader:1469:14)\n    at Module._extensions..js (node:internal/modules/cjs/loader:1548:10)\n    at Module.load (node:internal/modules/cjs/loader:1288:32)\n    at Module._load (node:internal/modules/cjs/loader:1104:12)\n    at Function.executeUserEntryPoint [as runMain] (node:internal/modules/run_main:174:12)\n    at node:internal/main/run_main_module:28:49"}
{"level":"error","message":"Uncaught Exception: Something failed miserably!\nError: Something failed miserably!\n    at Object.<anonymous> (C:\\Users\\Lakshitha Balaji\\Downloads\\Vidly Project\\vidly\\index.js:30:24)\n    at Module._compile (node:internal/modules/cjs/loader:1469:14)\n    at Module._extensions..js (node:internal/modules/cjs/loader:1548:10)\n    at Module.load (node:internal/modules/cjs/loader:1288:32)\n    at Module._load (node:internal/modules/cjs/loader:1104:12)\n    at Function.executeUserEntryPoint [as runMain] (node:internal/modules/run_main:174:12)\n    at node:internal/main/run_main_module:28:49"}
{"level":"error","message":"Uncaught Exception: Something failed\nError: Something failed\n    at Object.<anonymous> (C:\\Users\\Lakshitha Balaji\\Downloads\\Vidly Project\\vidly\\index.js:32:7)\n    at Module._compile (node:internal/modules/cjs/loader:1469:14)\n    at Module._extensions..js (node:internal/modules/cjs/loader:1548:10)\n    at Module.load (node:internal/modules/cjs/loader:1288:32)\n    at Module._load (node:internal/modules/cjs/loader:1104:12)\n    at Function.executeUserEntryPoint [as runMain] (node:internal/modules/run_main:174:12)\n    at node:internal/main/run_main_module:28:49"}
{"level":"error","message":"Uncaught Exception: Something failed miserably!\nError: Something failed miserably!\n    at Object.<anonymous> (C:\\Users\\Lakshitha Balaji\\Downloads\\Vidly Project\\vidly\\index.js:30:24)\n    at Module._compile (node:internal/modules/cjs/loader:1469:14)\n    at Module._extensions..js (node:internal/modules/cjs/loader:1548:10)\n    at Module.load (node:internal/modules/cjs/loader:1288:32)\n    at Module._load (node:internal/modules/cjs/loader:1104:12)\n    at Function.executeUserEntryPoint [as runMain] (node:internal/modules/run_main:174:12)\n    at node:internal/main/run_main_module:28:49"}
{"level":"error","message":"Uncaught Exception: Something failed miserably!\nError: Something failed miserably!\n    at Object.<anonymous> (C:\\Users\\Lakshitha Balaji\\Downloads\\Vidly Project\\vidly\\index.js:30:24)\n    at Module._compile (node:internal/modules/cjs/loader:1469:14)\n    at Module._extensions..js (node:internal/modules/cjs/loader:1548:10)\n    at Module.load (node:internal/modules/cjs/loader:1288:32)\n    at Module._load (node:internal/modules/cjs/loader:1104:12)\n    at Function.executeUserEntryPoint [as runMain] (node:internal/modules/run_main:174:12)\n    at node:internal/main/run_main_module:28:49"}
{"level":"error","message":"Uncaught Exception: Something failed miserably!\nError: Something failed miserably!"}
{"level":"error","message":"Uncaught Exception: Something failed miserably!\nError: Something failed miserably!\n    at Object.<anonymous> (C:\\Users\\Lakshitha Balaji\\Downloads\\Vidly Project\\vidly\\index.js:30:24)\n    at Module._compile (node:internal/modules/cjs/loader:1469:14)\n    at Module._extensions..js (node:internal/modules/cjs/loader:1548:10)\n    at Module.load (node:internal/modules/cjs/loader:1288:32)\n    at Module._load (node:internal/modules/cjs/loader:1104:12)\n    at Function.executeUserEntryPoint [as runMain] (node:internal/modules/run_main:174:12)\n    at node:internal/main/run_main_module:28:49"}
{"level":"error","message":"Something failed miserably!"}
{"level":"info","message":"Connected to MongoDB..."}
{"level":"error","message":"Something failed miserably!"}
{"level":"info","message":"Connected to MongoDB..."}
{"level":"error","message":"Something failed miserably!"}
{"level":"info","message":"Connected to MongoDB..."}
{"level":"error","message":"Something failed miserably!"}
{"level":"info","message":"Connected to MongoDB..."}
{"level":"error","message":"Something failed miserably!"}
{"level":"info","message":"Connected to MongoDB..."}
{"level":"error","message":"Something failed miserably!"}
{"level":"info","message":"Connected to MongoDB..."}
{"level":"info","message":"Logging initialized..."}
{"level":"info","message":"Listening on port 3000..."}
{"level":"info","message":"Connected to MongoDB..."}
{"level":"info","message":"Logging initialized..."}
{"level":"info","message":"Listening on port 3000..."}
{"level":"info","message":"Connected to MongoDB..."}
{"level":"info","message":"Logging initialized..."}
{"level":"info","message":"Listening on port 3000..."}
{"level":"info","message":"Connected to MongoDB..."}
{"level":"info","message":"Logging initialized..."}
{"level":"info","message":"Listening on port 3000..."}
{"level":"info","message":"Connected to MongoDB..."}
{"level":"info","message":"Logging initialized..."}
{"level":"info","message":"Listening on port 3000..."}
{"level":"info","message":"Connected to MongoDB..."}
{"level":"info","message":"Logging initialized..."}
{"level":"info","message":"Listening on port 3000..."}
{"level":"info","message":"Connected to MongoDB..."}
{"level":"info","message":"Logging initialized..."}
{"level":"info","message":"Listening on port 3000..."}
{"level":"info","message":"Connected to MongoDB..."}
{"level":"info","message":"Logging initialized..."}
{"level":"info","message":"Listening on port 3000..."}
{"level":"info","message":"Connected to MongoDB..."}
{"level":"info","message":"Logging initialized..."}
{"level":"info","message":"Connected to MongoDB..."}
{"level":"info","message":"Logging initialized..."}
{"level":"info","message":"Connected to MongoDB..."}
{"level":"info","message":"Logging initialized..."}
{"level":"info","message":"Connected to MongoDB..."}
{"level":"info","message":"Logging initialized..."}
{"level":"info","message":"Connected to MongoDB..."}
{"level":"info","message":"Logging initialized..."}
{"level":"info","message":"Connected to MongoDB..."}
{"level":"info","message":"Logging initialized..."}
{"level":"info","message":"Listening on port 3000..."}
{"level":"info","message":"Connected to MongoDB..."}
{"level":"info","message":"Logging initialized..."}
{"level":"info","message":"Listening on port 3000..."}
{"level":"info","message":"Logging initialized..."}
{"level":"info","message":"Connected to MongoDB..."}
{"level":"info","message":"Connected to MongoDB..."}
{"level":"info","message":"Logging initialized..."}
{"level":"info","message":"Connected to MongoDB..."}
{"level":"info","message":"Logging initialized..."}
{"level":"info","message":"Connected to MongoDB..."}
{"level":"info","message":"Logging initialized..."}
{"level":"info","message":"Logging initialized..."}
{"level":"info","message":"Logging initialized..."}
{"level":"info","message":"Logging initialized..."}
{"level":"info","message":"Logging initialized..."}
{"level":"info","message":"Logging initialized..."}
{"level":"info","message":"Connected to MongoDB..."}
{"level":"info","message":"Listening on port 3000..."}
{"level":"info","message":"Connected to MongoDB..."}
{"level":"info","message":"Logging initialized..."}
{"level":"info","message":"Connected to MongoDB..."}
{"level":"info","message":"Logging initialized..."}
{"level":"info","message":"Listening on port 3000..."}
{"level":"info","message":"Connected to MongoDB..."}
{"level":"info","message":"Logging initialized..."}
{"level":"info","message":"Connected to MongoDB..."}
{"level":"info","message":"Logging initialized..."}
{"level":"info","message":"Listening on port 3000..."}
{"level":"info","message":"Connected to MongoDB..."}
{"level":"info","message":"Logging initialized..."}
{"level":"info","message":"Listening on port 3000..."}
{"level":"info","message":"Logging initialized..."}
{"level":"info","message":"Connected to MongoDB..."}
{"level":"info","message":"Connected to MongoDB..."}
{"level":"info","message":"Logging initialized..."}
{"level":"info","message":"Listening on port 3000..."}
{"level":"info","message":"Connected to MongoDB..."}
{"level":"info","message":"Logging initialized..."}
{"level":"info","message":"Listening on port 3000..."}
{"level":"info","message":"Logging initialized..."}
{"level":"info","message":"Logging initialized..."}
{"level":"info","message":"Logging initialized..."}
{"level":"info","message":"Listening on port 3001..."}
{"level":"info","message":"Logging initialized..."}
{"level":"info","message":"Listening on port 3001..."}
{"level":"info","message":"Logging initialized..."}
{"level":"info","message":"Logging initialized..."}
{"level":"info","message":"Logging initialized..."}
{"level":"info","message":"Logging initialized..."}
{"level":"info","message":"Logging initialized..."}
{"level":"info","message":"Logging initialized..."}
{"level":"info","message":"Logging initialized..."}
